{"/Users/pooya/Documents/Web Developing/Codeworks Main Course/senior part/legacy project/weekend-traveller/server/src/router.ts": {"path":"/Users/pooya/Documents/Web Developing/Codeworks Main Course/senior part/legacy project/weekend-traveller/server/src/router.ts","statementMap":{"0":{"start":{"line":11,"column":0},"end":{"line":11,"column":61}},"1":{"start":{"line":14,"column":0},"end":{"line":14,"column":65}},"2":{"start":{"line":15,"column":0},"end":{"line":15,"column":66}},"3":{"start":{"line":17,"column":13},"end":{"line":17,"column":47}},"4":{"start":{"line":20,"column":0},"end":{"line":20,"column":66}},"5":{"start":{"line":21,"column":0},"end":{"line":21,"column":62}},"6":{"start":{"line":22,"column":0},"end":{"line":22,"column":70}},"7":{"start":{"line":24,"column":0},"end":{"line":27,"column":2}},"8":{"start":{"line":28,"column":0},"end":{"line":31,"column":2}},"9":{"start":{"line":32,"column":0},"end":{"line":35,"column":2}},"10":{"start":{"line":38,"column":0},"end":{"line":40,"column":3}},"11":{"start":{"line":39,"column":2},"end":{"line":39,"column":51}}},"fnMap":{"0":{"name":"(anonymous_7)","decl":{"start":{"line":38,"column":17},"end":{"line":38,"column":18}},"loc":{"start":{"line":38,"column":62},"end":{"line":40,"column":1}}}},"branchMap":{},"s":{"0":1,"1":1,"2":1,"3":1,"4":1,"5":1,"6":1,"7":1,"8":1,"9":1,"10":1,"11":0},"f":{"0":0},"b":{}}
,"/Users/pooya/Documents/Web Developing/Codeworks Main Course/senior part/legacy project/weekend-traveller/server/src/api/skyscanner.api.ts": {"path":"/Users/pooya/Documents/Web Developing/Codeworks Main Course/senior part/legacy project/weekend-traveller/server/src/api/skyscanner.api.ts","statementMap":{"0":{"start":{"line":14,"column":0},"end":{"line":14,"column":52}},"1":{"start":{"line":18,"column":25},"end":{"line":18,"column":77}},"2":{"start":{"line":20,"column":29},"end":{"line":30,"column":2}},"3":{"start":{"line":20,"column":68},"end":{"line":30,"column":2}},"4":{"start":{"line":21,"column":22},"end":{"line":21,"column":54}},"5":{"start":{"line":22,"column":19},"end":{"line":24,"column":4}},"6":{"start":{"line":25,"column":2},"end":{"line":26,"column":76}},"7":{"start":{"line":26,"column":4},"end":{"line":26,"column":76}},"8":{"start":{"line":27,"column":34},"end":{"line":27,"column":55}},"9":{"start":{"line":28,"column":2},"end":{"line":28,"column":20}},"10":{"start":{"line":29,"column":2},"end":{"line":29,"column":14}},"11":{"start":{"line":20,"column":13},"end":{"line":20,"column":29}},"12":{"start":{"line":32,"column":31},"end":{"line":43,"column":2}},"13":{"start":{"line":34,"column":34},"end":{"line":43,"column":2}},"14":{"start":{"line":35,"column":22},"end":{"line":35,"column":67}},"15":{"start":{"line":36,"column":19},"end":{"line":38,"column":4}},"16":{"start":{"line":39,"column":2},"end":{"line":40,"column":76}},"17":{"start":{"line":40,"column":4},"end":{"line":40,"column":76}},"18":{"start":{"line":41,"column":36},"end":{"line":41,"column":57}},"19":{"start":{"line":42,"column":2},"end":{"line":42,"column":14}},"20":{"start":{"line":32,"column":13},"end":{"line":32,"column":31}},"21":{"start":{"line":45,"column":33},"end":{"line":56,"column":2}},"22":{"start":{"line":47,"column":36},"end":{"line":56,"column":2}},"23":{"start":{"line":48,"column":22},"end":{"line":48,"column":81}},"24":{"start":{"line":49,"column":19},"end":{"line":51,"column":4}},"25":{"start":{"line":52,"column":2},"end":{"line":53,"column":76}},"26":{"start":{"line":53,"column":4},"end":{"line":53,"column":76}},"27":{"start":{"line":54,"column":38},"end":{"line":54,"column":59}},"28":{"start":{"line":55,"column":2},"end":{"line":55,"column":14}},"29":{"start":{"line":45,"column":13},"end":{"line":45,"column":33}},"30":{"start":{"line":58,"column":44},"end":{"line":74,"column":2}},"31":{"start":{"line":60,"column":39},"end":{"line":74,"column":2}},"32":{"start":{"line":61,"column":22},"end":{"line":61,"column":61}},"33":{"start":{"line":62,"column":19},"end":{"line":69,"column":4}},"34":{"start":{"line":70,"column":2},"end":{"line":71,"column":76}},"35":{"start":{"line":71,"column":4},"end":{"line":71,"column":76}},"36":{"start":{"line":72,"column":41},"end":{"line":72,"column":62}},"37":{"start":{"line":73,"column":2},"end":{"line":73,"column":14}},"38":{"start":{"line":58,"column":13},"end":{"line":58,"column":44}},"39":{"start":{"line":76,"column":44},"end":{"line":92,"column":2}},"40":{"start":{"line":78,"column":39},"end":{"line":92,"column":2}},"41":{"start":{"line":79,"column":22},"end":{"line":79,"column":62}},"42":{"start":{"line":80,"column":19},"end":{"line":87,"column":4}},"43":{"start":{"line":88,"column":2},"end":{"line":89,"column":76}},"44":{"start":{"line":89,"column":4},"end":{"line":89,"column":76}},"45":{"start":{"line":90,"column":41},"end":{"line":90,"column":62}},"46":{"start":{"line":91,"column":2},"end":{"line":91,"column":14}},"47":{"start":{"line":76,"column":13},"end":{"line":76,"column":44}}},"fnMap":{"0":{"name":"(anonymous_7)","decl":{"start":{"line":20,"column":29},"end":{"line":20,"column":66}},"loc":{"start":{"line":20,"column":68},"end":{"line":30,"column":2}}},"1":{"name":"(anonymous_8)","decl":{"start":{"line":20,"column":68},"end":{"line":20,"column":null}},"loc":{"start":{"line":20,"column":68},"end":{"line":30,"column":1}}},"2":{"name":"(anonymous_9)","decl":{"start":{"line":32,"column":31},"end":{"line":32,"column":null}},"loc":{"start":{"line":34,"column":34},"end":{"line":43,"column":2}}},"3":{"name":"(anonymous_10)","decl":{"start":{"line":34,"column":34},"end":{"line":34,"column":null}},"loc":{"start":{"line":34,"column":34},"end":{"line":43,"column":1}}},"4":{"name":"(anonymous_11)","decl":{"start":{"line":45,"column":33},"end":{"line":45,"column":null}},"loc":{"start":{"line":47,"column":36},"end":{"line":56,"column":2}}},"5":{"name":"(anonymous_12)","decl":{"start":{"line":47,"column":36},"end":{"line":47,"column":null}},"loc":{"start":{"line":47,"column":36},"end":{"line":56,"column":1}}},"6":{"name":"(anonymous_13)","decl":{"start":{"line":58,"column":44},"end":{"line":58,"column":null}},"loc":{"start":{"line":60,"column":39},"end":{"line":74,"column":2}}},"7":{"name":"(anonymous_14)","decl":{"start":{"line":60,"column":39},"end":{"line":60,"column":null}},"loc":{"start":{"line":60,"column":39},"end":{"line":74,"column":1}}},"8":{"name":"(anonymous_15)","decl":{"start":{"line":76,"column":44},"end":{"line":76,"column":null}},"loc":{"start":{"line":78,"column":39},"end":{"line":92,"column":2}}},"9":{"name":"(anonymous_16)","decl":{"start":{"line":78,"column":39},"end":{"line":78,"column":null}},"loc":{"start":{"line":78,"column":39},"end":{"line":92,"column":1}}}},"branchMap":{"0":{"loc":{"start":{"line":25,"column":2},"end":{"line":26,"column":76}},"type":"if","locations":[{"start":{"line":25,"column":2},"end":{"line":26,"column":76}}]},"1":{"loc":{"start":{"line":39,"column":2},"end":{"line":40,"column":76}},"type":"if","locations":[{"start":{"line":39,"column":2},"end":{"line":40,"column":76}}]},"2":{"loc":{"start":{"line":52,"column":2},"end":{"line":53,"column":76}},"type":"if","locations":[{"start":{"line":52,"column":2},"end":{"line":53,"column":76}}]},"3":{"loc":{"start":{"line":70,"column":2},"end":{"line":71,"column":76}},"type":"if","locations":[{"start":{"line":70,"column":2},"end":{"line":71,"column":76}}]},"4":{"loc":{"start":{"line":88,"column":2},"end":{"line":89,"column":76}},"type":"if","locations":[{"start":{"line":88,"column":2},"end":{"line":89,"column":76}}]}},"s":{"0":1,"1":1,"2":1,"3":0,"4":0,"5":0,"6":0,"7":0,"8":0,"9":0,"10":0,"11":1,"12":1,"13":0,"14":0,"15":0,"16":0,"17":0,"18":0,"19":0,"20":1,"21":1,"22":0,"23":0,"24":0,"25":0,"26":0,"27":0,"28":0,"29":1,"30":1,"31":1,"32":1,"33":1,"34":1,"35":1,"36":0,"37":0,"38":1,"39":1,"40":0,"41":0,"42":0,"43":0,"44":0,"45":0,"46":0,"47":1},"f":{"0":0,"1":0,"2":0,"3":0,"4":0,"5":0,"6":1,"7":1,"8":0,"9":0},"b":{"0":[0],"1":[0],"2":[0],"3":[1],"4":[0]}}
,"/Users/pooya/Documents/Web Developing/Codeworks Main Course/senior part/legacy project/weekend-traveller/server/src/controllers/flightData.controller.ts": {"path":"/Users/pooya/Documents/Web Developing/Codeworks Main Course/senior part/legacy project/weekend-traveller/server/src/controllers/flightData.controller.ts","statementMap":{"0":{"start":{"line":15,"column":0},"end":{"line":15,"column":52}},"1":{"start":{"line":18,"column":29},"end":{"line":25,"column":2}},"2":{"start":{"line":21,"column":19},"end":{"line":25,"column":2}},"3":{"start":{"line":22,"column":25},"end":{"line":22,"column":52}},"4":{"start":{"line":23,"column":2},"end":{"line":23,"column":18}},"5":{"start":{"line":24,"column":2},"end":{"line":24,"column":17}},"6":{"start":{"line":18,"column":13},"end":{"line":18,"column":29}},"7":{"start":{"line":27,"column":30},"end":{"line":35,"column":2}},"8":{"start":{"line":30,"column":19},"end":{"line":35,"column":2}},"9":{"start":{"line":31,"column":15},"end":{"line":31,"column":60}},"10":{"start":{"line":32,"column":2},"end":{"line":32,"column":18}},"11":{"start":{"line":33,"column":2},"end":{"line":33,"column":17}},"12":{"start":{"line":34,"column":2},"end":{"line":34,"column":20}},"13":{"start":{"line":27,"column":13},"end":{"line":27,"column":30}},"14":{"start":{"line":37,"column":27},"end":{"line":42,"column":2}},"15":{"start":{"line":37,"column":78},"end":{"line":42,"column":2}},"16":{"start":{"line":38,"column":36},"end":{"line":38,"column":61}},"17":{"start":{"line":39,"column":2},"end":{"line":39,"column":18}},"18":{"start":{"line":40,"column":2},"end":{"line":40,"column":22}},"19":{"start":{"line":37,"column":13},"end":{"line":37,"column":27}},"20":{"start":{"line":44,"column":37},"end":{"line":52,"column":2}},"21":{"start":{"line":47,"column":19},"end":{"line":52,"column":2}},"22":{"start":{"line":48,"column":28},"end":{"line":48,"column":46}},"23":{"start":{"line":49,"column":33},"end":{"line":49,"column":77}},"24":{"start":{"line":50,"column":2},"end":{"line":50,"column":18}},"25":{"start":{"line":51,"column":2},"end":{"line":51,"column":17}},"26":{"start":{"line":44,"column":13},"end":{"line":44,"column":37}},"27":{"start":{"line":54,"column":42},"end":{"line":65,"column":2}},"28":{"start":{"line":57,"column":19},"end":{"line":65,"column":2}},"29":{"start":{"line":58,"column":52},"end":{"line":58,"column":60}},"30":{"start":{"line":59,"column":2},"end":{"line":59,"column":27}},"31":{"start":{"line":60,"column":38},"end":{"line":61,"column":null}},"32":{"start":{"line":63,"column":2},"end":{"line":63,"column":18}},"33":{"start":{"line":64,"column":2},"end":{"line":64,"column":17}},"34":{"start":{"line":54,"column":13},"end":{"line":54,"column":42}},"35":{"start":{"line":67,"column":37},"end":{"line":75,"column":2}},"36":{"start":{"line":70,"column":19},"end":{"line":75,"column":2}},"37":{"start":{"line":71,"column":47},"end":{"line":71,"column":55}},"38":{"start":{"line":72,"column":33},"end":{"line":72,"column":79}},"39":{"start":{"line":73,"column":2},"end":{"line":73,"column":18}},"40":{"start":{"line":74,"column":2},"end":{"line":74,"column":17}},"41":{"start":{"line":67,"column":13},"end":{"line":67,"column":37}}},"fnMap":{"0":{"name":"(anonymous_13)","decl":{"start":{"line":18,"column":29},"end":{"line":18,"column":null}},"loc":{"start":{"line":21,"column":19},"end":{"line":25,"column":2}}},"1":{"name":"(anonymous_14)","decl":{"start":{"line":21,"column":19},"end":{"line":21,"column":null}},"loc":{"start":{"line":21,"column":19},"end":{"line":25,"column":1}}},"2":{"name":"(anonymous_15)","decl":{"start":{"line":27,"column":30},"end":{"line":27,"column":null}},"loc":{"start":{"line":30,"column":19},"end":{"line":35,"column":2}}},"3":{"name":"(anonymous_16)","decl":{"start":{"line":30,"column":19},"end":{"line":30,"column":null}},"loc":{"start":{"line":30,"column":19},"end":{"line":35,"column":1}}},"4":{"name":"(anonymous_17)","decl":{"start":{"line":37,"column":27},"end":{"line":37,"column":34}},"loc":{"start":{"line":37,"column":78},"end":{"line":42,"column":2}}},"5":{"name":"(anonymous_18)","decl":{"start":{"line":37,"column":78},"end":{"line":37,"column":null}},"loc":{"start":{"line":37,"column":78},"end":{"line":42,"column":1}}},"6":{"name":"(anonymous_19)","decl":{"start":{"line":44,"column":37},"end":{"line":44,"column":null}},"loc":{"start":{"line":47,"column":19},"end":{"line":52,"column":2}}},"7":{"name":"(anonymous_20)","decl":{"start":{"line":47,"column":19},"end":{"line":47,"column":null}},"loc":{"start":{"line":47,"column":19},"end":{"line":52,"column":1}}},"8":{"name":"(anonymous_21)","decl":{"start":{"line":54,"column":42},"end":{"line":54,"column":null}},"loc":{"start":{"line":57,"column":19},"end":{"line":65,"column":2}}},"9":{"name":"(anonymous_22)","decl":{"start":{"line":57,"column":19},"end":{"line":57,"column":null}},"loc":{"start":{"line":57,"column":19},"end":{"line":65,"column":1}}},"10":{"name":"(anonymous_23)","decl":{"start":{"line":67,"column":37},"end":{"line":67,"column":null}},"loc":{"start":{"line":70,"column":19},"end":{"line":75,"column":2}}},"11":{"name":"(anonymous_24)","decl":{"start":{"line":70,"column":19},"end":{"line":70,"column":null}},"loc":{"start":{"line":70,"column":19},"end":{"line":75,"column":1}}}},"branchMap":{},"s":{"0":1,"1":1,"2":1,"3":1,"4":1,"5":1,"6":1,"7":1,"8":1,"9":1,"10":1,"11":1,"12":1,"13":1,"14":1,"15":1,"16":1,"17":1,"18":1,"19":1,"20":1,"21":0,"22":0,"23":0,"24":0,"25":0,"26":1,"27":1,"28":1,"29":1,"30":1,"31":1,"32":0,"33":0,"34":1,"35":1,"36":0,"37":0,"38":0,"39":0,"40":0,"41":1},"f":{"0":1,"1":1,"2":1,"3":1,"4":1,"5":1,"6":0,"7":0,"8":1,"9":1,"10":0,"11":0},"b":{}}
,"/Users/pooya/Documents/Web Developing/Codeworks Main Course/senior part/legacy project/weekend-traveller/server/src/databases/flightData.database.ts": {"path":"/Users/pooya/Documents/Web Developing/Codeworks Main Course/senior part/legacy project/weekend-traveller/server/src/databases/flightData.database.ts","statementMap":{"0":{"start":{"line":10,"column":0},"end":{"line":10,"column":47}},"1":{"start":{"line":11,"column":0},"end":{"line":11,"column":71}},"2":{"start":{"line":13,"column":24},"end":{"line":20,"column":2}},"3":{"start":{"line":22,"column":29},"end":{"line":22,"column":50}},"4":{"start":{"line":25,"column":7},"end":{"line":28,"column":null}},"5":{"start":{"line":25,"column":13},"end":{"line":25,"column":23}},"6":{"start":{"line":27,"column":2},"end":{"line":27,"column":null}},"7":{"start":{"line":25,"column":13},"end":{"line":28,"column":null}},"8":{"start":{"line":31,"column":7},"end":{"line":36,"column":null}},"9":{"start":{"line":31,"column":13},"end":{"line":31,"column":21}},"10":{"start":{"line":33,"column":11},"end":{"line":33,"column":null}},"11":{"start":{"line":35,"column":2},"end":{"line":35,"column":null}},"12":{"start":{"line":31,"column":13},"end":{"line":36,"column":null}},"13":{"start":{"line":42,"column":29},"end":{"line":46,"column":2}},"14":{"start":{"line":42,"column":40},"end":{"line":46,"column":2}},"15":{"start":{"line":43,"column":2},"end":{"line":43,"column":46}},"16":{"start":{"line":44,"column":2},"end":{"line":44,"column":25}},"17":{"start":{"line":45,"column":2},"end":{"line":45,"column":null}},"18":{"start":{"line":42,"column":13},"end":{"line":42,"column":29}}},"fnMap":{"0":{"name":"(anonymous_9)","decl":{"start":{"line":42,"column":29},"end":{"line":42,"column":38}},"loc":{"start":{"line":42,"column":40},"end":{"line":46,"column":2}}},"1":{"name":"(anonymous_10)","decl":{"start":{"line":42,"column":40},"end":{"line":42,"column":null}},"loc":{"start":{"line":42,"column":40},"end":{"line":46,"column":1}}}},"branchMap":{},"s":{"0":1,"1":1,"2":1,"3":1,"4":1,"5":1,"6":1,"7":1,"8":1,"9":1,"10":1,"11":1,"12":1,"13":1,"14":0,"15":0,"16":0,"17":0,"18":1},"f":{"0":0,"1":0},"b":{}}
,"/Users/pooya/Documents/Web Developing/Codeworks Main Course/senior part/legacy project/weekend-traveller/server/src/middleware/errorHandler.ts": {"path":"/Users/pooya/Documents/Web Developing/Codeworks Main Course/senior part/legacy project/weekend-traveller/server/src/middleware/errorHandler.ts","statementMap":{"0":{"start":{"line":30,"column":4},"end":{"line":30,"column":19}},"1":{"start":{"line":26,"column":11},"end":{"line":26,"column":46}},"2":{"start":{"line":27,"column":2},"end":{"line":27,"column":21}},"3":{"start":{"line":28,"column":2},"end":{"line":28,"column":39}},"4":{"start":{"line":37,"column":4},"end":{"line":37,"column":19}},"5":{"start":{"line":34,"column":11},"end":{"line":34,"column":40}},"6":{"start":{"line":35,"column":11},"end":{"line":35,"column":32}},"7":{"start":{"line":44,"column":4},"end":{"line":44,"column":19}},"8":{"start":{"line":41,"column":11},"end":{"line":41,"column":38}},"9":{"start":{"line":42,"column":11},"end":{"line":42,"column":32}},"10":{"start":{"line":53,"column":4},"end":{"line":53,"column":19}},"11":{"start":{"line":48,"column":11},"end":{"line":48,"column":50}},"12":{"start":{"line":49,"column":11},"end":{"line":49,"column":32}},"13":{"start":{"line":50,"column":11},"end":{"line":51,"column":57}},"14":{"start":{"line":62,"column":4},"end":{"line":62,"column":19}},"15":{"start":{"line":57,"column":11},"end":{"line":57,"column":40}},"16":{"start":{"line":58,"column":11},"end":{"line":58,"column":32}},"17":{"start":{"line":59,"column":11},"end":{"line":60,"column":51}},"18":{"start":{"line":70,"column":13},"end":{"line":70,"column":33}},"19":{"start":{"line":71,"column":0},"end":{"line":71,"column":37}},"20":{"start":{"line":72,"column":0},"end":{"line":72,"column":33}},"21":{"start":{"line":73,"column":0},"end":{"line":73,"column":55}},"22":{"start":{"line":74,"column":0},"end":{"line":74,"column":37}},"23":{"start":{"line":95,"column":4},"end":{"line":95,"column":25}},"24":{"start":{"line":92,"column":2},"end":{"line":92,"column":21}},"25":{"start":{"line":93,"column":2},"end":{"line":93,"column":39}},"26":{"start":{"line":96,"column":4},"end":{"line":96,"column":37}},"27":{"start":{"line":97,"column":38},"end":{"line":99,"column":null}},"28":{"start":{"line":101,"column":4},"end":{"line":101,"column":34}},"29":{"start":{"line":102,"column":4},"end":{"line":102,"column":38}},"30":{"start":{"line":103,"column":4},"end":{"line":103,"column":52}},"31":{"start":{"line":86,"column":0},"end":{"line":86,"column":13}},"32":{"start":{"line":111,"column":27},"end":{"line":113,"column":1}},"33":{"start":{"line":112,"column":2},"end":{"line":112,"column":39}},"34":{"start":{"line":111,"column":13},"end":{"line":111,"column":27}},"35":{"start":{"line":121,"column":28},"end":{"line":130,"column":1}},"36":{"start":{"line":127,"column":2},"end":{"line":127,"column":19}},"37":{"start":{"line":128,"column":2},"end":{"line":128,"column":25}},"38":{"start":{"line":129,"column":2},"end":{"line":129,"column":30}},"39":{"start":{"line":121,"column":13},"end":{"line":121,"column":28}},"40":{"start":{"line":138,"column":28},"end":{"line":146,"column":1}},"41":{"start":{"line":139,"column":2},"end":{"line":145,"column":4}},"42":{"start":{"line":139,"column":63},"end":{"line":145,"column":4}},"43":{"start":{"line":140,"column":4},"end":{"line":144,"column":5}},"44":{"start":{"line":141,"column":6},"end":{"line":141,"column":31}},"45":{"start":{"line":143,"column":6},"end":{"line":143,"column":63}},"46":{"start":{"line":143,"column":28},"end":{"line":143,"column":63}},"47":{"start":{"line":138,"column":13},"end":{"line":138,"column":28}}},"fnMap":{"0":{"name":"(anonymous_7)","decl":{"start":{"line":29,"column":2},"end":{"line":29,"column":14}},"loc":{"start":{"line":29,"column":29},"end":{"line":31,"column":3}}},"1":{"name":"(anonymous_8)","decl":{"start":{"line":36,"column":2},"end":{"line":36,"column":14}},"loc":{"start":{"line":36,"column":29},"end":{"line":38,"column":3}}},"2":{"name":"(anonymous_9)","decl":{"start":{"line":43,"column":2},"end":{"line":43,"column":14}},"loc":{"start":{"line":43,"column":29},"end":{"line":45,"column":3}}},"3":{"name":"(anonymous_10)","decl":{"start":{"line":52,"column":2},"end":{"line":52,"column":14}},"loc":{"start":{"line":52,"column":29},"end":{"line":54,"column":3}}},"4":{"name":"(anonymous_11)","decl":{"start":{"line":61,"column":2},"end":{"line":61,"column":14}},"loc":{"start":{"line":61,"column":29},"end":{"line":63,"column":3}}},"5":{"name":"(anonymous_12)","decl":{"start":{"line":94,"column":2},"end":{"line":94,"column":14}},"loc":{"start":{"line":94,"column":26},"end":{"line":104,"column":3}}},"6":{"name":"(anonymous_13)","decl":{"start":{"line":111,"column":27},"end":{"line":111,"column":28}},"loc":{"start":{"line":111,"column":48},"end":{"line":113,"column":1}}},"7":{"name":"(anonymous_14)","decl":{"start":{"line":121,"column":28},"end":{"line":121,"column":null}},"loc":{"start":{"line":126,"column":10},"end":{"line":130,"column":1}}},"8":{"name":"(anonymous_15)","decl":{"start":{"line":138,"column":28},"end":{"line":138,"column":29}},"loc":{"start":{"line":138,"column":45},"end":{"line":146,"column":1}}},"9":{"name":"(anonymous_16)","decl":{"start":{"line":139,"column":9},"end":{"line":139,"column":16}},"loc":{"start":{"line":139,"column":63},"end":{"line":145,"column":4}}},"10":{"name":"(anonymous_17)","decl":{"start":{"line":139,"column":63},"end":{"line":139,"column":null}},"loc":{"start":{"line":139,"column":63},"end":{"line":145,"column":3}}}},"branchMap":{"0":{"loc":{"start":{"line":143,"column":6},"end":{"line":143,"column":63}},"type":"if","locations":[{"start":{"line":143,"column":6},"end":{"line":143,"column":63}}]}},"s":{"0":2,"1":2,"2":2,"3":2,"4":0,"5":0,"6":0,"7":0,"8":0,"9":0,"10":1,"11":1,"12":1,"13":1,"14":1,"15":1,"16":1,"17":1,"18":1,"19":1,"20":1,"21":1,"22":1,"23":1,"24":1,"25":1,"26":1,"27":1,"28":1,"29":1,"30":1,"31":1,"32":1,"33":0,"34":1,"35":1,"36":0,"37":0,"38":0,"39":1,"40":1,"41":6,"42":4,"43":4,"44":4,"45":1,"46":1,"47":1},"f":{"0":2,"1":0,"2":0,"3":1,"4":1,"5":1,"6":0,"7":0,"8":6,"9":4,"10":4},"b":{"0":[1]}}
,"/Users/pooya/Documents/Web Developing/Codeworks Main Course/senior part/legacy project/weekend-traveller/server/src/models/flightData.model.ts": {"path":"/Users/pooya/Documents/Web Developing/Codeworks Main Course/senior part/legacy project/weekend-traveller/server/src/models/flightData.model.ts","statementMap":{"0":{"start":{"line":12,"column":0},"end":{"line":12,"column":52}},"1":{"start":{"line":13,"column":0},"end":{"line":13,"column":45}},"2":{"start":{"line":16,"column":0},"end":{"line":16,"column":72}},"3":{"start":{"line":17,"column":0},"end":{"line":17,"column":31}},"4":{"start":{"line":20,"column":28},"end":{"line":20,"column":49}},"5":{"start":{"line":23,"column":25},"end":{"line":23,"column":50}},"6":{"start":{"line":31,"column":29},"end":{"line":42,"column":2}},"7":{"start":{"line":31,"column":59},"end":{"line":42,"column":2}},"8":{"start":{"line":33,"column":33},"end":{"line":33,"column":59}},"9":{"start":{"line":34,"column":2},"end":{"line":34,"column":75}},"10":{"start":{"line":34,"column":24},"end":{"line":34,"column":75}},"11":{"start":{"line":37,"column":28},"end":{"line":38,"column":null}},"12":{"start":{"line":38,"column":18},"end":{"line":38,"column":42}},"13":{"start":{"line":40,"column":2},"end":{"line":40,"column":17}},"14":{"start":{"line":41,"column":2},"end":{"line":41,"column":17}},"15":{"start":{"line":31,"column":13},"end":{"line":31,"column":29}},"16":{"start":{"line":56,"column":30},"end":{"line":81,"column":2}},"17":{"start":{"line":58,"column":30},"end":{"line":81,"column":2}},"18":{"start":{"line":59,"column":2},"end":{"line":61,"column":3}},"19":{"start":{"line":60,"column":4},"end":{"line":60,"column":58}},"20":{"start":{"line":63,"column":2},"end":{"line":80,"column":3}},"21":{"start":{"line":64,"column":37},"end":{"line":70,"column":6}},"22":{"start":{"line":72,"column":4},"end":{"line":74,"column":5}},"23":{"start":{"line":73,"column":6},"end":{"line":73,"column":18}},"24":{"start":{"line":76,"column":4},"end":{"line":76,"column":19}},"25":{"start":{"line":78,"column":4},"end":{"line":78,"column":57}},"26":{"start":{"line":79,"column":4},"end":{"line":79,"column":72}},"27":{"start":{"line":56,"column":13},"end":{"line":56,"column":30}},"28":{"start":{"line":83,"column":27},"end":{"line":112,"column":2}},"29":{"start":{"line":86,"column":34},"end":{"line":112,"column":2}},"30":{"start":{"line":88,"column":2},"end":{"line":89,"column":57}},"31":{"start":{"line":89,"column":4},"end":{"line":89,"column":57}},"32":{"start":{"line":93,"column":4},"end":{"line":99,"column":10}},"33":{"start":{"line":100,"column":2},"end":{"line":100,"column":75}},"34":{"start":{"line":100,"column":24},"end":{"line":100,"column":75}},"35":{"start":{"line":103,"column":39},"end":{"line":103,"column":48}},"36":{"start":{"line":104,"column":2},"end":{"line":110,"column":7}},"37":{"start":{"line":105,"column":20},"end":{"line":105,"column":70}},"38":{"start":{"line":107,"column":30},"end":{"line":107,"column":51}},"39":{"start":{"line":108,"column":28},"end":{"line":108,"column":51}},"40":{"start":{"line":109,"column":6},"end":{"line":109,"column":61}},"41":{"start":{"line":109,"column":33},"end":{"line":109,"column":61}},"42":{"start":{"line":111,"column":2},"end":{"line":111,"column":17}},"43":{"start":{"line":83,"column":13},"end":{"line":83,"column":27}},"44":{"start":{"line":120,"column":37},"end":{"line":142,"column":2}},"45":{"start":{"line":122,"column":31},"end":{"line":142,"column":2}},"46":{"start":{"line":124,"column":2},"end":{"line":125,"column":57}},"47":{"start":{"line":125,"column":4},"end":{"line":125,"column":57}},"48":{"start":{"line":128,"column":40},"end":{"line":128,"column":78}},"49":{"start":{"line":129,"column":2},"end":{"line":130,"column":69}},"50":{"start":{"line":130,"column":4},"end":{"line":130,"column":69}},"51":{"start":{"line":131,"column":2},"end":{"line":132,"column":62}},"52":{"start":{"line":132,"column":4},"end":{"line":132,"column":62}},"53":{"start":{"line":135,"column":37},"end":{"line":140,"column":4}},"54":{"start":{"line":141,"column":2},"end":{"line":141,"column":18}},"55":{"start":{"line":120,"column":13},"end":{"line":120,"column":37}},"56":{"start":{"line":153,"column":43},"end":{"line":217,"column":1}},"57":{"start":{"line":159,"column":2},"end":{"line":169,"column":3}},"58":{"start":{"line":168,"column":4},"end":{"line":168,"column":57}},"59":{"start":{"line":172,"column":58},"end":{"line":196,"column":4}},"60":{"start":{"line":199,"column":2},"end":{"line":215,"column":3}},"61":{"start":{"line":200,"column":4},"end":{"line":214,"column":7}},"62":{"start":{"line":216,"column":2},"end":{"line":216,"column":24}},"63":{"start":{"line":229,"column":42},"end":{"line":295,"column":2}},"64":{"start":{"line":231,"column":36},"end":{"line":295,"column":2}},"65":{"start":{"line":233,"column":2},"end":{"line":234,"column":57}},"66":{"start":{"line":234,"column":4},"end":{"line":234,"column":57}},"67":{"start":{"line":237,"column":42},"end":{"line":237,"column":44}},"68":{"start":{"line":238,"column":41},"end":{"line":238,"column":43}},"69":{"start":{"line":239,"column":2},"end":{"line":293,"column":3}},"70":{"start":{"line":239,"column":22},"end":{"line":239,"column":23}},"71":{"start":{"line":241,"column":28},"end":{"line":241,"column":59}},"72":{"start":{"line":242,"column":29},"end":{"line":242,"column":71}},"73":{"start":{"line":244,"column":6},"end":{"line":246,"column":14}},"74":{"start":{"line":247,"column":4},"end":{"line":248,"column":59}},"75":{"start":{"line":248,"column":6},"end":{"line":248,"column":59}},"76":{"start":{"line":252,"column":6},"end":{"line":252,"column":77}},"77":{"start":{"line":256,"column":6},"end":{"line":256,"column":60}},"78":{"start":{"line":257,"column":4},"end":{"line":258,"column":71}},"79":{"start":{"line":258,"column":6},"end":{"line":258,"column":71}},"80":{"start":{"line":259,"column":4},"end":{"line":260,"column":64}},"81":{"start":{"line":260,"column":6},"end":{"line":260,"column":64}},"82":{"start":{"line":263,"column":28},"end":{"line":263,"column":59}},"83":{"start":{"line":264,"column":21},"end":{"line":264,"column":52}},"84":{"start":{"line":265,"column":4},"end":{"line":265,"column":27}},"85":{"start":{"line":266,"column":4},"end":{"line":275,"column":5}},"86":{"start":{"line":267,"column":6},"end":{"line":274,"column":9}},"87":{"start":{"line":278,"column":4},"end":{"line":289,"column":5}},"88":{"start":{"line":279,"column":6},"end":{"line":288,"column":7}},"89":{"start":{"line":285,"column":8},"end":{"line":287,"column":10}},"90":{"start":{"line":292,"column":4},"end":{"line":292,"column":75}},"91":{"start":{"line":292,"column":56},"end":{"line":292,"column":73}},"92":{"start":{"line":294,"column":2},"end":{"line":294,"column":17}},"93":{"start":{"line":229,"column":13},"end":{"line":229,"column":42}},"94":{"start":{"line":306,"column":39},"end":{"line":367,"column":1}},"95":{"start":{"line":312,"column":2},"end":{"line":322,"column":3}},"96":{"start":{"line":321,"column":4},"end":{"line":321,"column":57}},"97":{"start":{"line":325,"column":58},"end":{"line":348,"column":4}},"98":{"start":{"line":351,"column":2},"end":{"line":365,"column":3}},"99":{"start":{"line":352,"column":4},"end":{"line":364,"column":7}},"100":{"start":{"line":366,"column":2},"end":{"line":366,"column":24}},"101":{"start":{"line":377,"column":37},"end":{"line":470,"column":2}},"102":{"start":{"line":379,"column":31},"end":{"line":470,"column":2}},"103":{"start":{"line":381,"column":2},"end":{"line":382,"column":57}},"104":{"start":{"line":382,"column":4},"end":{"line":382,"column":57}},"105":{"start":{"line":385,"column":27},"end":{"line":385,"column":59}},"106":{"start":{"line":387,"column":4},"end":{"line":389,"column":12}},"107":{"start":{"line":390,"column":2},"end":{"line":391,"column":57}},"108":{"start":{"line":391,"column":4},"end":{"line":391,"column":57}},"109":{"start":{"line":395,"column":4},"end":{"line":395,"column":71}},"110":{"start":{"line":399,"column":4},"end":{"line":399,"column":58}},"111":{"start":{"line":400,"column":2},"end":{"line":401,"column":69}},"112":{"start":{"line":401,"column":4},"end":{"line":401,"column":69}},"113":{"start":{"line":402,"column":2},"end":{"line":403,"column":62}},"114":{"start":{"line":403,"column":4},"end":{"line":403,"column":62}},"115":{"start":{"line":407,"column":4},"end":{"line":407,"column":57}},"116":{"start":{"line":409,"column":4},"end":{"line":409,"column":59}},"117":{"start":{"line":411,"column":4},"end":{"line":411,"column":61}},"118":{"start":{"line":413,"column":4},"end":{"line":413,"column":57}},"119":{"start":{"line":414,"column":16},"end":{"line":414,"column":66}},"120":{"start":{"line":415,"column":19},"end":{"line":415,"column":50}},"121":{"start":{"line":416,"column":19},"end":{"line":416,"column":50}},"122":{"start":{"line":419,"column":37},"end":{"line":423,"column":4}},"123":{"start":{"line":424,"column":2},"end":{"line":452,"column":3}},"124":{"start":{"line":425,"column":30},"end":{"line":425,"column":44}},"125":{"start":{"line":426,"column":20},"end":{"line":426,"column":39}},"126":{"start":{"line":427,"column":36},"end":{"line":434,"column":null}},"127":{"start":{"line":436,"column":34},"end":{"line":443,"column":null}},"128":{"start":{"line":445,"column":4},"end":{"line":451,"column":7}},"129":{"start":{"line":455,"column":2},"end":{"line":468,"column":3}},"130":{"start":{"line":465,"column":4},"end":{"line":467,"column":6}},"131":{"start":{"line":469,"column":2},"end":{"line":469,"column":18}},"132":{"start":{"line":377,"column":13},"end":{"line":377,"column":37}}},"fnMap":{"0":{"name":"(anonymous_13)","decl":{"start":{"line":31,"column":29},"end":{"line":31,"column":57}},"loc":{"start":{"line":31,"column":59},"end":{"line":42,"column":2}}},"1":{"name":"(anonymous_14)","decl":{"start":{"line":31,"column":59},"end":{"line":31,"column":null}},"loc":{"start":{"line":31,"column":59},"end":{"line":42,"column":1}}},"2":{"name":"(anonymous_15)","decl":{"start":{"line":38,"column":4},"end":{"line":38,"column":5}},"loc":{"start":{"line":38,"column":18},"end":{"line":38,"column":42}}},"3":{"name":"(anonymous_16)","decl":{"start":{"line":56,"column":30},"end":{"line":56,"column":null}},"loc":{"start":{"line":58,"column":30},"end":{"line":81,"column":2}}},"4":{"name":"(anonymous_17)","decl":{"start":{"line":58,"column":30},"end":{"line":58,"column":null}},"loc":{"start":{"line":58,"column":30},"end":{"line":81,"column":1}}},"5":{"name":"(anonymous_18)","decl":{"start":{"line":83,"column":27},"end":{"line":83,"column":null}},"loc":{"start":{"line":86,"column":34},"end":{"line":112,"column":2}}},"6":{"name":"(anonymous_19)","decl":{"start":{"line":86,"column":34},"end":{"line":86,"column":null}},"loc":{"start":{"line":86,"column":34},"end":{"line":112,"column":1}}},"7":{"name":"(anonymous_20)","decl":{"start":{"line":105,"column":10},"end":{"line":105,"column":11}},"loc":{"start":{"line":105,"column":20},"end":{"line":105,"column":70}}},"8":{"name":"(anonymous_21)","decl":{"start":{"line":106,"column":13},"end":{"line":106,"column":14}},"loc":{"start":{"line":106,"column":35},"end":{"line":110,"column":5}}},"9":{"name":"(anonymous_22)","decl":{"start":{"line":120,"column":37},"end":{"line":120,"column":null}},"loc":{"start":{"line":122,"column":31},"end":{"line":142,"column":2}}},"10":{"name":"(anonymous_23)","decl":{"start":{"line":122,"column":31},"end":{"line":122,"column":null}},"loc":{"start":{"line":122,"column":31},"end":{"line":142,"column":1}}},"11":{"name":"(anonymous_24)","decl":{"start":{"line":153,"column":43},"end":{"line":153,"column":null}},"loc":{"start":{"line":157,"column":37},"end":{"line":217,"column":1}}},"12":{"name":"(anonymous_25)","decl":{"start":{"line":229,"column":42},"end":{"line":229,"column":null}},"loc":{"start":{"line":231,"column":36},"end":{"line":295,"column":2}}},"13":{"name":"(anonymous_26)","decl":{"start":{"line":231,"column":36},"end":{"line":231,"column":null}},"loc":{"start":{"line":231,"column":36},"end":{"line":295,"column":1}}},"14":{"name":"(anonymous_27)","decl":{"start":{"line":292,"column":46},"end":{"line":292,"column":47}},"loc":{"start":{"line":292,"column":56},"end":{"line":292,"column":73}}},"15":{"name":"(anonymous_28)","decl":{"start":{"line":306,"column":39},"end":{"line":306,"column":null}},"loc":{"start":{"line":310,"column":37},"end":{"line":367,"column":1}}},"16":{"name":"(anonymous_29)","decl":{"start":{"line":377,"column":37},"end":{"line":377,"column":null}},"loc":{"start":{"line":379,"column":31},"end":{"line":470,"column":2}}},"17":{"name":"(anonymous_30)","decl":{"start":{"line":379,"column":31},"end":{"line":379,"column":null}},"loc":{"start":{"line":379,"column":31},"end":{"line":470,"column":1}}}},"branchMap":{"0":{"loc":{"start":{"line":34,"column":2},"end":{"line":34,"column":75}},"type":"if","locations":[{"start":{"line":34,"column":2},"end":{"line":34,"column":75}}]},"1":{"loc":{"start":{"line":59,"column":2},"end":{"line":61,"column":3}},"type":"if","locations":[{"start":{"line":59,"column":2},"end":{"line":61,"column":3}}]},"2":{"loc":{"start":{"line":72,"column":4},"end":{"line":74,"column":5}},"type":"if","locations":[{"start":{"line":72,"column":4},"end":{"line":74,"column":5}}]},"3":{"loc":{"start":{"line":84,"column":2},"end":{"line":84,"column":19}},"type":"default-arg","locations":[{"start":{"line":84,"column":18},"end":{"line":84,"column":19}}]},"4":{"loc":{"start":{"line":85,"column":2},"end":{"line":85,"column":20}},"type":"default-arg","locations":[{"start":{"line":85,"column":19},"end":{"line":85,"column":20}}]},"5":{"loc":{"start":{"line":88,"column":2},"end":{"line":89,"column":57}},"type":"if","locations":[{"start":{"line":88,"column":2},"end":{"line":89,"column":57}}]},"6":{"loc":{"start":{"line":88,"column":6},"end":{"line":88,"column":29}},"type":"binary-expr","locations":[{"start":{"line":88,"column":6},"end":{"line":88,"column":15}},{"start":{"line":88,"column":19},"end":{"line":88,"column":29}}]},"7":{"loc":{"start":{"line":93,"column":4},"end":{"line":99,"column":10}},"type":"cond-expr","locations":[{"start":{"line":94,"column":8},"end":{"line":94,"column":32}},{"start":{"line":95,"column":8},"end":{"line":99,"column":10}}]},"8":{"loc":{"start":{"line":93,"column":4},"end":{"line":93,"column":21}},"type":"binary-expr","locations":[{"start":{"line":93,"column":4},"end":{"line":93,"column":10}},{"start":{"line":93,"column":14},"end":{"line":93,"column":21}}]},"9":{"loc":{"start":{"line":100,"column":2},"end":{"line":100,"column":75}},"type":"if","locations":[{"start":{"line":100,"column":2},"end":{"line":100,"column":75}}]},"10":{"loc":{"start":{"line":109,"column":6},"end":{"line":109,"column":61}},"type":"if","locations":[{"start":{"line":109,"column":6},"end":{"line":109,"column":61}}]},"11":{"loc":{"start":{"line":124,"column":2},"end":{"line":125,"column":57}},"type":"if","locations":[{"start":{"line":124,"column":2},"end":{"line":125,"column":57}}]},"12":{"loc":{"start":{"line":129,"column":2},"end":{"line":130,"column":69}},"type":"if","locations":[{"start":{"line":129,"column":2},"end":{"line":130,"column":69}}]},"13":{"loc":{"start":{"line":131,"column":2},"end":{"line":132,"column":62}},"type":"if","locations":[{"start":{"line":131,"column":2},"end":{"line":132,"column":62}}]},"14":{"loc":{"start":{"line":159,"column":2},"end":{"line":169,"column":3}},"type":"if","locations":[{"start":{"line":159,"column":2},"end":{"line":169,"column":3}}]},"15":{"loc":{"start":{"line":160,"column":4},"end":{"line":166,"column":15}},"type":"binary-expr","locations":[{"start":{"line":160,"column":4},"end":{"line":160,"column":16}},{"start":{"line":161,"column":4},"end":{"line":161,"column":29}},{"start":{"line":162,"column":4},"end":{"line":162,"column":27}},{"start":{"line":163,"column":4},"end":{"line":163,"column":28}},{"start":{"line":164,"column":4},"end":{"line":164,"column":27}},{"start":{"line":165,"column":4},"end":{"line":165,"column":30}},{"start":{"line":166,"column":4},"end":{"line":166,"column":15}}]},"16":{"loc":{"start":{"line":199,"column":2},"end":{"line":215,"column":3}},"type":"if","locations":[{"start":{"line":199,"column":2},"end":{"line":215,"column":3}}]},"17":{"loc":{"start":{"line":233,"column":2},"end":{"line":234,"column":57}},"type":"if","locations":[{"start":{"line":233,"column":2},"end":{"line":234,"column":57}}]},"18":{"loc":{"start":{"line":244,"column":6},"end":{"line":246,"column":14}},"type":"cond-expr","locations":[{"start":{"line":245,"column":10},"end":{"line":245,"column":52}},{"start":{"line":246,"column":10},"end":{"line":246,"column":14}}]},"19":{"loc":{"start":{"line":247,"column":4},"end":{"line":248,"column":59}},"type":"if","locations":[{"start":{"line":247,"column":4},"end":{"line":248,"column":59}}]},"20":{"loc":{"start":{"line":247,"column":8},"end":{"line":247,"column":54}},"type":"binary-expr","locations":[{"start":{"line":247,"column":8},"end":{"line":247,"column":27}},{"start":{"line":247,"column":31},"end":{"line":247,"column":54}}]},"21":{"loc":{"start":{"line":257,"column":4},"end":{"line":258,"column":71}},"type":"if","locations":[{"start":{"line":257,"column":4},"end":{"line":258,"column":71}}]},"22":{"loc":{"start":{"line":259,"column":4},"end":{"line":260,"column":64}},"type":"if","locations":[{"start":{"line":259,"column":4},"end":{"line":260,"column":64}}]},"23":{"loc":{"start":{"line":269,"column":10},"end":{"line":269,"column":66}},"type":"cond-expr","locations":[{"start":{"line":269,"column":56},"end":{"line":269,"column":58}},{"start":{"line":269,"column":56},"end":{"line":269,"column":66}}]},"24":{"loc":{"start":{"line":269,"column":10},"end":{"line":269,"column":58}},"type":"binary-expr","locations":[{"start":{"line":269,"column":10},"end":{"line":269,"column":58}},{"start":{"line":269,"column":56},"end":{"line":269,"column":58}}]},"25":{"loc":{"start":{"line":270,"column":23},"end":{"line":270,"column":78}},"type":"cond-expr","locations":[{"start":{"line":270,"column":68},"end":{"line":270,"column":70}},{"start":{"line":270,"column":68},"end":{"line":270,"column":78}}]},"26":{"loc":{"start":{"line":270,"column":23},"end":{"line":270,"column":70}},"type":"binary-expr","locations":[{"start":{"line":270,"column":23},"end":{"line":270,"column":70}},{"start":{"line":270,"column":68},"end":{"line":270,"column":70}}]},"27":{"loc":{"start":{"line":278,"column":4},"end":{"line":289,"column":5}},"type":"if","locations":[{"start":{"line":278,"column":4},"end":{"line":289,"column":5}}]},"28":{"loc":{"start":{"line":279,"column":6},"end":{"line":288,"column":7}},"type":"if","locations":[{"start":{"line":279,"column":6},"end":{"line":288,"column":7}}]},"29":{"loc":{"start":{"line":281,"column":8},"end":{"line":283,"column":48}},"type":"binary-expr","locations":[{"start":{"line":281,"column":8},"end":{"line":281,"column":61}},{"start":{"line":282,"column":8},"end":{"line":282,"column":55}},{"start":{"line":283,"column":8},"end":{"line":283,"column":48}}]},"30":{"loc":{"start":{"line":312,"column":2},"end":{"line":322,"column":3}},"type":"if","locations":[{"start":{"line":312,"column":2},"end":{"line":322,"column":3}}]},"31":{"loc":{"start":{"line":313,"column":4},"end":{"line":319,"column":15}},"type":"binary-expr","locations":[{"start":{"line":313,"column":4},"end":{"line":313,"column":16}},{"start":{"line":314,"column":4},"end":{"line":314,"column":29}},{"start":{"line":315,"column":4},"end":{"line":315,"column":27}},{"start":{"line":316,"column":4},"end":{"line":316,"column":27}},{"start":{"line":317,"column":4},"end":{"line":317,"column":30}},{"start":{"line":318,"column":4},"end":{"line":318,"column":35}},{"start":{"line":319,"column":4},"end":{"line":319,"column":15}}]},"32":{"loc":{"start":{"line":351,"column":2},"end":{"line":365,"column":3}},"type":"if","locations":[{"start":{"line":351,"column":2},"end":{"line":365,"column":3}}]},"33":{"loc":{"start":{"line":381,"column":2},"end":{"line":382,"column":57}},"type":"if","locations":[{"start":{"line":381,"column":2},"end":{"line":382,"column":57}}]},"34":{"loc":{"start":{"line":387,"column":4},"end":{"line":389,"column":12}},"type":"cond-expr","locations":[{"start":{"line":388,"column":8},"end":{"line":388,"column":40}},{"start":{"line":389,"column":8},"end":{"line":389,"column":12}}]},"35":{"loc":{"start":{"line":390,"column":2},"end":{"line":391,"column":57}},"type":"if","locations":[{"start":{"line":390,"column":2},"end":{"line":391,"column":57}}]},"36":{"loc":{"start":{"line":390,"column":6},"end":{"line":390,"column":52}},"type":"binary-expr","locations":[{"start":{"line":390,"column":6},"end":{"line":390,"column":25}},{"start":{"line":390,"column":29},"end":{"line":390,"column":52}}]},"37":{"loc":{"start":{"line":400,"column":2},"end":{"line":401,"column":69}},"type":"if","locations":[{"start":{"line":400,"column":2},"end":{"line":401,"column":69}}]},"38":{"loc":{"start":{"line":402,"column":2},"end":{"line":403,"column":62}},"type":"if","locations":[{"start":{"line":402,"column":2},"end":{"line":403,"column":62}}]},"39":{"loc":{"start":{"line":455,"column":2},"end":{"line":468,"column":3}},"type":"if","locations":[{"start":{"line":455,"column":2},"end":{"line":468,"column":3}}]},"40":{"loc":{"start":{"line":456,"column":4},"end":{"line":463,"column":32}},"type":"binary-expr","locations":[{"start":{"line":456,"column":4},"end":{"line":456,"column":29}},{"start":{"line":458,"column":4},"end":{"line":458,"column":52}},{"start":{"line":459,"column":4},"end":{"line":459,"column":57}},{"start":{"line":460,"column":4},"end":{"line":460,"column":48}},{"start":{"line":461,"column":4},"end":{"line":461,"column":46}},{"start":{"line":462,"column":4},"end":{"line":462,"column":37}},{"start":{"line":463,"column":4},"end":{"line":463,"column":32}}]}},"s":{"0":1,"1":1,"2":1,"3":1,"4":1,"5":1,"6":1,"7":1,"8":1,"9":1,"10":0,"11":1,"12":152,"13":1,"14":1,"15":1,"16":1,"17":1,"18":1,"19":0,"20":1,"21":1,"22":1,"23":0,"24":1,"25":0,"26":0,"27":1,"28":1,"29":1,"30":1,"31":0,"32":1,"33":1,"34":0,"35":1,"36":1,"37":45347,"38":4243,"39":4243,"40":4243,"41":4243,"42":1,"43":1,"44":1,"45":0,"46":0,"47":0,"48":0,"49":0,"50":0,"51":0,"52":0,"53":0,"54":0,"55":1,"56":1,"57":1,"58":0,"59":1,"60":1,"61":0,"62":1,"63":1,"64":1,"65":1,"66":0,"67":1,"68":1,"69":1,"70":1,"71":1,"72":1,"73":1,"74":1,"75":0,"76":1,"77":1,"78":0,"79":0,"80":0,"81":0,"82":0,"83":0,"84":0,"85":0,"86":0,"87":0,"88":0,"89":0,"90":0,"91":0,"92":0,"93":1,"94":1,"95":0,"96":0,"97":0,"98":0,"99":0,"100":0,"101":1,"102":0,"103":0,"104":0,"105":0,"106":0,"107":0,"108":0,"109":0,"110":0,"111":0,"112":0,"113":0,"114":0,"115":0,"116":0,"117":0,"118":0,"119":0,"120":0,"121":0,"122":0,"123":0,"124":0,"125":0,"126":0,"127":0,"128":0,"129":0,"130":0,"131":0,"132":1},"f":{"0":1,"1":1,"2":152,"3":1,"4":1,"5":1,"6":1,"7":45347,"8":4243,"9":0,"10":0,"11":1,"12":1,"13":1,"14":0,"15":0,"16":0,"17":0},"b":{"0":[0],"1":[0],"2":[0],"3":[1],"4":[1],"5":[0],"6":[1,1],"7":[1,0],"8":[1,1],"9":[0],"10":[4243],"11":[0],"12":[0],"13":[0],"14":[0],"15":[1,1,1,1,1,1,1],"16":[0],"17":[0],"18":[0,1],"19":[0],"20":[1,0],"21":[0],"22":[0],"23":[0,0],"24":[0,0],"25":[0,0],"26":[0,0],"27":[0],"28":[0],"29":[0,0,0],"30":[0],"31":[0,0,0,0,0,0,0],"32":[0],"33":[0],"34":[0,0],"35":[0],"36":[0,0],"37":[0],"38":[0],"39":[0],"40":[0,0,0,0,0,0,0]}}
}
