TN:
SF:src/router.ts
FN:38,(anonymous_7)
FNF:1
FNH:0
FNDA:0,(anonymous_7)
DA:11,1
DA:14,1
DA:15,1
DA:17,1
DA:20,1
DA:21,1
DA:22,1
DA:24,1
DA:28,1
DA:32,1
DA:38,1
DA:39,0
LF:12
LH:11
BRF:0
BRH:0
end_of_record
TN:
SF:src/api/skyscanner.api.ts
FN:20,(anonymous_7)
FN:20,(anonymous_8)
FN:32,(anonymous_9)
FN:34,(anonymous_10)
FN:45,(anonymous_11)
FN:47,(anonymous_12)
FN:58,(anonymous_13)
FN:60,(anonymous_14)
FN:76,(anonymous_15)
FN:78,(anonymous_16)
FNF:10
FNH:0
FNDA:0,(anonymous_7)
FNDA:0,(anonymous_8)
FNDA:0,(anonymous_9)
FNDA:0,(anonymous_10)
FNDA:0,(anonymous_11)
FNDA:0,(anonymous_12)
FNDA:0,(anonymous_13)
FNDA:0,(anonymous_14)
FNDA:0,(anonymous_15)
FNDA:0,(anonymous_16)
DA:14,1
DA:18,1
DA:20,1
DA:21,0
DA:22,0
DA:25,0
DA:26,0
DA:27,0
DA:28,0
DA:29,0
DA:32,1
DA:34,0
DA:35,0
DA:36,0
DA:39,0
DA:40,0
DA:41,0
DA:42,0
DA:45,1
DA:47,0
DA:48,0
DA:49,0
DA:52,0
DA:53,0
DA:54,0
DA:55,0
DA:58,1
DA:60,0
DA:61,0
DA:62,0
DA:70,0
DA:71,0
DA:72,0
DA:73,0
DA:76,1
DA:78,0
DA:79,0
DA:80,0
DA:88,0
DA:89,0
DA:90,0
DA:91,0
LF:42
LH:7
BRDA:25,0,0,0
BRDA:39,1,0,0
BRDA:52,2,0,0
BRDA:70,3,0,0
BRDA:88,4,0,0
BRF:5
BRH:0
end_of_record
TN:
SF:src/controllers/flightData.controller.ts
FN:18,(anonymous_13)
FN:21,(anonymous_14)
FN:27,(anonymous_15)
FN:30,(anonymous_16)
FN:37,(anonymous_17)
FN:37,(anonymous_18)
FN:44,(anonymous_19)
FN:47,(anonymous_20)
FN:54,(anonymous_21)
FN:57,(anonymous_22)
FN:66,(anonymous_23)
FN:69,(anonymous_24)
FNF:12
FNH:4
FNDA:1,(anonymous_13)
FNDA:1,(anonymous_14)
FNDA:0,(anonymous_15)
FNDA:0,(anonymous_16)
FNDA:1,(anonymous_17)
FNDA:1,(anonymous_18)
FNDA:0,(anonymous_19)
FNDA:0,(anonymous_20)
FNDA:0,(anonymous_21)
FNDA:0,(anonymous_22)
FNDA:0,(anonymous_23)
FNDA:0,(anonymous_24)
DA:15,1
DA:18,1
DA:21,1
DA:22,1
DA:23,1
DA:24,1
DA:27,1
DA:30,0
DA:31,0
DA:32,0
DA:33,0
DA:34,0
DA:37,1
DA:38,1
DA:39,1
DA:40,1
DA:44,1
DA:47,0
DA:48,0
DA:49,0
DA:50,0
DA:51,0
DA:54,1
DA:57,0
DA:58,0
DA:59,0
DA:62,0
DA:63,0
DA:66,1
DA:69,0
DA:70,0
DA:71,0
DA:72,0
DA:73,0
LF:34
LH:14
BRF:0
BRH:0
end_of_record
TN:
SF:src/databases/flightData.database.ts
FN:42,(anonymous_9)
FN:42,(anonymous_10)
FNF:2
FNH:0
FNDA:0,(anonymous_9)
FNDA:0,(anonymous_10)
DA:10,1
DA:11,1
DA:13,1
DA:22,1
DA:25,1
DA:27,1
DA:31,1
DA:33,1
DA:35,1
DA:42,1
DA:43,0
DA:44,0
DA:45,0
LF:13
LH:10
BRF:0
BRH:0
end_of_record
TN:
SF:src/middleware/errorHandler.ts
FN:29,(anonymous_7)
FN:36,(anonymous_8)
FN:43,(anonymous_9)
FN:52,(anonymous_10)
FN:61,(anonymous_11)
FN:94,(anonymous_12)
FN:111,(anonymous_13)
FN:121,(anonymous_14)
FN:138,(anonymous_15)
FN:139,(anonymous_16)
FN:139,(anonymous_17)
FNF:11
FNH:3
FNDA:0,(anonymous_7)
FNDA:0,(anonymous_8)
FNDA:0,(anonymous_9)
FNDA:0,(anonymous_10)
FNDA:0,(anonymous_11)
FNDA:0,(anonymous_12)
FNDA:0,(anonymous_13)
FNDA:0,(anonymous_14)
FNDA:6,(anonymous_15)
FNDA:2,(anonymous_16)
FNDA:2,(anonymous_17)
DA:26,0
DA:27,0
DA:28,0
DA:30,0
DA:34,0
DA:35,0
DA:37,0
DA:41,0
DA:42,0
DA:44,0
DA:48,0
DA:49,0
DA:50,0
DA:53,0
DA:57,0
DA:58,0
DA:59,0
DA:62,0
DA:70,1
DA:71,1
DA:72,1
DA:73,1
DA:74,1
DA:86,1
DA:92,0
DA:93,0
DA:95,0
DA:96,0
DA:97,0
DA:101,0
DA:102,0
DA:103,0
DA:111,1
DA:112,0
DA:121,1
DA:127,0
DA:128,0
DA:129,0
DA:138,1
DA:139,6
DA:140,2
DA:141,2
DA:143,0
LF:43
LH:12
BRDA:143,0,0,0
BRF:1
BRH:0
end_of_record
TN:
SF:src/models/flightData.model.ts
FN:31,(anonymous_13)
FN:31,(anonymous_14)
FN:38,(anonymous_15)
FN:56,(anonymous_16)
FN:58,(anonymous_17)
FN:83,(anonymous_18)
FN:86,(anonymous_19)
FN:105,(anonymous_20)
FN:106,(anonymous_21)
FN:120,(anonymous_22)
FN:122,(anonymous_23)
FN:153,(anonymous_24)
FN:229,(anonymous_25)
FN:231,(anonymous_26)
FN:292,(anonymous_27)
FN:306,(anonymous_28)
FN:377,(anonymous_29)
FN:379,(anonymous_30)
FNF:18
FNH:7
FNDA:1,(anonymous_13)
FNDA:1,(anonymous_14)
FNDA:152,(anonymous_15)
FNDA:0,(anonymous_16)
FNDA:0,(anonymous_17)
FNDA:1,(anonymous_18)
FNDA:1,(anonymous_19)
FNDA:45347,(anonymous_20)
FNDA:4243,(anonymous_21)
FNDA:0,(anonymous_22)
FNDA:0,(anonymous_23)
FNDA:0,(anonymous_24)
FNDA:0,(anonymous_25)
FNDA:0,(anonymous_26)
FNDA:0,(anonymous_27)
FNDA:0,(anonymous_28)
FNDA:0,(anonymous_29)
FNDA:0,(anonymous_30)
DA:12,1
DA:13,1
DA:16,1
DA:17,1
DA:20,1
DA:23,1
DA:31,1
DA:33,1
DA:34,1
DA:37,1
DA:38,152
DA:40,1
DA:41,1
DA:56,1
DA:58,0
DA:59,0
DA:60,0
DA:63,0
DA:64,0
DA:72,0
DA:73,0
DA:76,0
DA:78,0
DA:79,0
DA:83,1
DA:86,1
DA:88,1
DA:89,0
DA:93,1
DA:100,1
DA:103,1
DA:104,1
DA:105,45347
DA:107,4243
DA:108,4243
DA:109,4243
DA:111,1
DA:120,1
DA:122,0
DA:124,0
DA:125,0
DA:128,0
DA:129,0
DA:130,0
DA:131,0
DA:132,0
DA:135,0
DA:141,0
DA:153,1
DA:159,0
DA:168,0
DA:172,0
DA:199,0
DA:200,0
DA:216,0
DA:229,1
DA:231,0
DA:233,0
DA:234,0
DA:237,0
DA:238,0
DA:239,0
DA:241,0
DA:242,0
DA:244,0
DA:247,0
DA:248,0
DA:252,0
DA:256,0
DA:257,0
DA:258,0
DA:259,0
DA:260,0
DA:263,0
DA:264,0
DA:265,0
DA:266,0
DA:267,0
DA:278,0
DA:279,0
DA:285,0
DA:292,0
DA:294,0
DA:306,1
DA:312,0
DA:321,0
DA:325,0
DA:351,0
DA:352,0
DA:366,0
DA:377,1
DA:379,0
DA:381,0
DA:382,0
DA:385,0
DA:387,0
DA:390,0
DA:391,0
DA:395,0
DA:399,0
DA:400,0
DA:401,0
DA:402,0
DA:403,0
DA:407,0
DA:409,0
DA:411,0
DA:413,0
DA:414,0
DA:415,0
DA:416,0
DA:419,0
DA:424,0
DA:425,0
DA:426,0
DA:427,0
DA:436,0
DA:445,0
DA:455,0
DA:465,0
DA:469,0
LF:121
LH:31
BRDA:34,0,0,0
BRDA:59,1,0,0
BRDA:72,2,0,0
BRDA:84,3,0,1
BRDA:85,4,0,1
BRDA:88,5,0,0
BRDA:88,6,0,1
BRDA:88,6,1,1
BRDA:93,7,0,1
BRDA:93,7,1,0
BRDA:93,8,0,1
BRDA:93,8,1,1
BRDA:100,9,0,0
BRDA:109,10,0,4243
BRDA:124,11,0,0
BRDA:129,12,0,0
BRDA:131,13,0,0
BRDA:159,14,0,0
BRDA:160,15,0,0
BRDA:160,15,1,0
BRDA:160,15,2,0
BRDA:160,15,3,0
BRDA:160,15,4,0
BRDA:160,15,5,0
BRDA:160,15,6,0
BRDA:199,16,0,0
BRDA:233,17,0,0
BRDA:244,18,0,0
BRDA:244,18,1,0
BRDA:247,19,0,0
BRDA:247,20,0,0
BRDA:247,20,1,0
BRDA:257,21,0,0
BRDA:259,22,0,0
BRDA:269,23,0,0
BRDA:269,23,1,0
BRDA:269,24,0,0
BRDA:269,24,1,0
BRDA:270,25,0,0
BRDA:270,25,1,0
BRDA:270,26,0,0
BRDA:270,26,1,0
BRDA:278,27,0,0
BRDA:279,28,0,0
BRDA:281,29,0,0
BRDA:281,29,1,0
BRDA:281,29,2,0
BRDA:312,30,0,0
BRDA:313,31,0,0
BRDA:313,31,1,0
BRDA:313,31,2,0
BRDA:313,31,3,0
BRDA:313,31,4,0
BRDA:313,31,5,0
BRDA:313,31,6,0
BRDA:351,32,0,0
BRDA:381,33,0,0
BRDA:387,34,0,0
BRDA:387,34,1,0
BRDA:390,35,0,0
BRDA:390,36,0,0
BRDA:390,36,1,0
BRDA:400,37,0,0
BRDA:402,38,0,0
BRDA:455,39,0,0
BRDA:456,40,0,0
BRDA:456,40,1,0
BRDA:456,40,2,0
BRDA:456,40,3,0
BRDA:456,40,4,0
BRDA:456,40,5,0
BRDA:456,40,6,0
BRF:72
BRH:8
end_of_record
